[debug] [2020-12-19T09:27:30.676Z] ----------------------------------------------------------------------
[debug] [2020-12-19T09:27:30.678Z] Command:       /Users/sumito/.nodebrew/node/v14.15.0/bin/node /Users/sumito/.nodebrew/current/bin/firebase init
[debug] [2020-12-19T09:27:30.678Z] CLI Version:   8.16.2
[debug] [2020-12-19T09:27:30.679Z] Platform:      darwin
[debug] [2020-12-19T09:27:30.679Z] Node Version:  v14.15.0
[debug] [2020-12-19T09:27:30.680Z] Time:          Sat Dec 19 2020 18:27:30 GMT+0900 (日本標準時)
[debug] [2020-12-19T09:27:30.681Z] ----------------------------------------------------------------------
[debug] [2020-12-19T09:27:30.681Z] 
[debug] [2020-12-19T09:27:30.683Z] >>> [apiv2][query] GET https://firebase-public.firebaseio.com/cli.json [none]
[debug] [2020-12-19T09:27:30.709Z] > command requires scopes: ["email","openid","https://www.googleapis.com/auth/cloudplatformprojects.readonly","https://www.googleapis.com/auth/firebase","https://www.googleapis.com/auth/cloud-platform"]
[debug] [2020-12-19T09:27:30.710Z] > authorizing via signed-in user
[info] 
     ######## #### ########  ######## ########     ###     ######  ########
     ##        ##  ##     ## ##       ##     ##  ##   ##  ##       ##
     ######    ##  ########  ######   ########  #########  ######  ######
     ##        ##  ##    ##  ##       ##     ## ##     ##       ## ##
     ##       #### ##     ## ######## ########  ##     ##  ######  ########

You're about to initialize a Firebase project in this directory:

  /Users/sumito/Desktop/Medical_Storytelling

[debug] [2020-12-19T09:27:31.179Z] <<< [apiv2][status] GET https://firebase-public.firebaseio.com/cli.json 200
[debug] [2020-12-19T09:27:31.179Z] <<< [apiv2][body] GET https://firebase-public.firebaseio.com/cli.json {"cloudBuildErrorAfter":1594252800000,"cloudBuildWarnAfter":1590019200000,"defaultNode10After":1594252800000,"minVersion":"3.0.5","node8DeploysDisabledAfter":1613390400000,"node8RuntimeDisabledAfter":1615809600000,"node8WarnAfter":1600128000000}
[info] 
=== Project Setup
[info] 
[info] First, let's associate this project directory with a Firebase project.
[info] You can create multiple project aliases by running firebase use --add, 
[info] but for now we'll just set up a default project.
[info] 
